GAS LISTING /tmp/ccti6a9P.s 			page 1


   1               		.file	"oddebug.c"
   2               	__SREG__ = 0x3f
   3               	__SP_H__ = 0x3e
   4               	__SP_L__ = 0x3d
   5               	__CCP__  = 0x34
   6               	__tmp_reg__ = 0
   7               	__zero_reg__ = 1
   8               		.global __do_copy_data
   9               		.global __do_clear_bss
  10               		.stabs	"/home/chris/avr/vusbtiny/",100,0,2,.Ltext0
  11               		.stabs	"usbdrv/oddebug.c",100,0,2,.Ltext0
  12               		.text
  13               	.Ltext0:
  14               		.stabs	"gcc2_compiled.",60,0,0,0
  15               		.stabs	"int:t(0,1)=r(0,1);-32768;32767;",128,0,1,0
  16               		.stabs	"char:t(0,2)=@s8;r(0,2);0;255;",128,0,1,0
  17               		.stabs	"long int:t(0,3)=@s32;r(0,3);020000000000;017777777777;",128,0,1,0
  18               		.stabs	"unsigned int:t(0,4)=r(0,4);0;0177777;",128,0,1,0
  19               		.stabs	"long unsigned int:t(0,5)=@s32;r(0,5);0;037777777777;",128,0,1,0
  20               		.stabs	"long long int:t(0,6)=@s64;r(0,6);01000000000000000000000;0777777777777777777777;",128,0,1,
  21               		.stabs	"long long unsigned int:t(0,7)=@s64;r(0,7);0;01777777777777777777777;",128,0,1,0
  22               		.stabs	"short int:t(0,8)=r(0,8);-32768;32767;",128,0,1,0
  23               		.stabs	"short unsigned int:t(0,9)=r(0,9);0;0177777;",128,0,1,0
  24               		.stabs	"signed char:t(0,10)=@s8;r(0,10);-128;127;",128,0,1,0
  25               		.stabs	"unsigned char:t(0,11)=@s8;r(0,11);0;255;",128,0,1,0
  26               		.stabs	"float:t(0,12)=r(0,1);4;0;",128,0,1,0
  27               		.stabs	"double:t(0,13)=r(0,1);4;0;",128,0,1,0
  28               		.stabs	"long double:t(0,14)=r(0,1);4;0;",128,0,1,0
  29               		.stabs	"void:t(0,15)=(0,15)",128,0,1,0
  30               		.stabs	"usbdrv/oddebug.h",130,0,0,0
  31               		.stabs	"usbdrv/usbportability.h",130,0,0,0
  32               		.stabs	"/usr/lib/gcc/avr/4.3.4/../../../avr/include/avr/io.h",130,0,0,0
  33               		.stabs	"/usr/lib/gcc/avr/4.3.4/../../../avr/include/avr/sfr_defs.h",130,0,0,0
  34               		.stabs	"/usr/lib/gcc/avr/4.3.4/../../../avr/include/inttypes.h",130,0,0,0
  35               		.stabs	"/usr/lib/gcc/avr/4.3.4/../../../avr/include/stdint.h",130,0,0,0
  36               		.stabs	"int8_t:t(6,1)=(0,10)",128,0,121,0
  37               		.stabs	"uint8_t:t(6,2)=(0,11)",128,0,122,0
  38               		.stabs	"int16_t:t(6,3)=(0,1)",128,0,123,0
  39               		.stabs	"uint16_t:t(6,4)=(0,4)",128,0,124,0
  40               		.stabs	"int32_t:t(6,5)=(0,3)",128,0,125,0
  41               		.stabs	"uint32_t:t(6,6)=(0,5)",128,0,126,0
  42               		.stabs	"int64_t:t(6,7)=(0,6)",128,0,128,0
  43               		.stabs	"uint64_t:t(6,8)=(0,7)",128,0,129,0
  44               		.stabs	"intptr_t:t(6,9)=(6,3)",128,0,142,0
  45               		.stabs	"uintptr_t:t(6,10)=(6,4)",128,0,147,0
  46               		.stabs	"int_least8_t:t(6,11)=(6,1)",128,0,159,0
  47               		.stabs	"uint_least8_t:t(6,12)=(6,2)",128,0,164,0
  48               		.stabs	"int_least16_t:t(6,13)=(6,3)",128,0,169,0
  49               		.stabs	"uint_least16_t:t(6,14)=(6,4)",128,0,174,0
  50               		.stabs	"int_least32_t:t(6,15)=(6,5)",128,0,179,0
  51               		.stabs	"uint_least32_t:t(6,16)=(6,6)",128,0,184,0
  52               		.stabs	"int_least64_t:t(6,17)=(6,7)",128,0,192,0
  53               		.stabs	"uint_least64_t:t(6,18)=(6,8)",128,0,199,0
  54               		.stabs	"int_fast8_t:t(6,19)=(6,1)",128,0,213,0
  55               		.stabs	"uint_fast8_t:t(6,20)=(6,2)",128,0,218,0
  56               		.stabs	"int_fast16_t:t(6,21)=(6,3)",128,0,223,0
  57               		.stabs	"uint_fast16_t:t(6,22)=(6,4)",128,0,228,0
GAS LISTING /tmp/ccti6a9P.s 			page 2


  58               		.stabs	"int_fast32_t:t(6,23)=(6,5)",128,0,233,0
  59               		.stabs	"uint_fast32_t:t(6,24)=(6,6)",128,0,238,0
  60               		.stabs	"int_fast64_t:t(6,25)=(6,7)",128,0,246,0
  61               		.stabs	"uint_fast64_t:t(6,26)=(6,8)",128,0,253,0
  62               		.stabs	"intmax_t:t(6,27)=(6,7)",128,0,273,0
  63               		.stabs	"uintmax_t:t(6,28)=(6,8)",128,0,278,0
  64               		.stabn	162,0,0,0
  65               		.stabs	"int_farptr_t:t(5,1)=(6,5)",128,0,77,0
  66               		.stabs	"uint_farptr_t:t(5,2)=(6,6)",128,0,81,0
  67               		.stabn	162,0,0,0
  68               		.stabn	162,0,0,0
  69               		.stabs	"/usr/lib/gcc/avr/4.3.4/../../../avr/include/avr/fuse.h",130,0,0,0
  70               		.stabs	"__fuse_t:t(7,1)=(7,2)=s3low:(0,11),0,8;high:(0,11),8,8;extended:(0,11),16,8;;",128,0,239,0
  71               		.stabn	162,0,0,0
  72               		.stabn	162,0,0,0
  73               		.stabs	"/usr/lib/gcc/avr/4.3.4/../../../avr/include/avr/pgmspace.h",130,0,0,0
  74               		.stabs	"/usr/lib/gcc/avr/4.3.4/include/stddef.h",130,0,0,0
  75               		.stabs	"size_t:t(9,1)=(0,4)",128,0,214,0
  76               		.stabn	162,0,0,0
  77               		.stabs	"prog_void:t(8,1)=(8,2)=(8,2)",128,0,211,0
  78               		.stabs	"prog_char:t(8,3)=(8,4)=@s8;r(8,4);0;255;",128,0,212,0
  79               		.stabs	"prog_uchar:t(8,5)=(8,4)",128,0,213,0
  80               		.stabs	"prog_int8_t:t(8,6)=(8,7)=(0,10)",128,0,215,0
  81               		.stabs	"prog_uint8_t:t(8,8)=(8,4)",128,0,216,0
  82               		.stabs	"prog_int16_t:t(8,9)=(8,10)=(0,1)",128,0,217,0
  83               		.stabs	"prog_uint16_t:t(8,11)=(8,12)=(0,4)",128,0,218,0
  84               		.stabs	"prog_int32_t:t(8,13)=(8,14)=(0,3)",128,0,219,0
  85               		.stabs	"prog_uint32_t:t(8,15)=(8,16)=(0,5)",128,0,220,0
  86               		.stabs	"prog_int64_t:t(8,17)=(8,18)=(0,6)",128,0,222,0
  87               		.stabs	"prog_uint64_t:t(8,19)=(8,20)=(0,7)",128,0,223,0
  88               		.stabn	162,0,0,0
  89               		.stabn	162,0,0,0
  90               		.stabn	162,0,0,0
  91               		.stabs	"",100,0,0,.Letext0
  92               	.Letext0:
GAS LISTING /tmp/ccti6a9P.s 			page 3


DEFINED SYMBOLS
                            *ABS*:0000000000000000 oddebug.c
     /tmp/ccti6a9P.s:2      *ABS*:000000000000003f __SREG__
     /tmp/ccti6a9P.s:3      *ABS*:000000000000003e __SP_H__
     /tmp/ccti6a9P.s:4      *ABS*:000000000000003d __SP_L__
     /tmp/ccti6a9P.s:5      *ABS*:0000000000000034 __CCP__
     /tmp/ccti6a9P.s:6      *ABS*:0000000000000000 __tmp_reg__
     /tmp/ccti6a9P.s:7      *ABS*:0000000000000001 __zero_reg__

UNDEFINED SYMBOLS
__do_copy_data
__do_clear_bss
